\BOOKMARK [1][-]{section.1}{\376\377\000C\000e\000l\000\040\000p\000r\000o\000j\000e\000k\000t\000u}{}% 1
\BOOKMARK [1][-]{section.2}{\376\377\000W\000s\000t\001\031\000p\000\040\000t\000e\000o\000r\000e\000t\000y\000c\000z\000n\000y}{}% 2
\BOOKMARK [2][-]{subsection.2.1}{\376\377\000S\000i\000l\000n\000i\000k}{section.2}% 3
\BOOKMARK [3][-]{subsubsection.2.1.1}{\376\377\000N\000a\000j\000b\000a\000r\000d\000z\000i\000e\000j\000\040\000z\000n\000a\000n\000e\000\040\000s\000i\000l\000n\000i\000k\000i\000\040\000g\000r\000a\000f\000i\000c\000z\000n\000e}{subsection.2.1}% 4
\BOOKMARK [3][-]{subsubsection.2.1.2}{\376\377\000K\000o\000l\000e\000j\000n\000o\001\133\001\007\000\040\000d\000z\000i\000a\001\102\000a\001\104\000\040\000w\000\040\000s\000i\000l\000n\000i\000k\000u\000\040\000U\000n\000i\000t\000y}{subsection.2.1}% 5
\BOOKMARK [2][-]{subsection.2.2}{\376\377\000G\000r\000a\000f\000i\000k\000a}{section.2}% 6
\BOOKMARK [2][-]{subsection.2.3}{\376\377\000P\000r\000o\000j\000e\000k\000t\000\040\000p\000o\000z\000i\000o\000m\000\363\000w}{section.2}% 7
\BOOKMARK [1][-]{section.3}{\376\377\000W\000p\000r\000o\000w\000a\000d\000z\000e\000n\000i\000e\000\040\000d\000o\000\040\000p\000r\000o\000g\000r\000a\000m\000u\000\040\000B\000l\000e\000n\000d\000e\000r}{}% 8
\BOOKMARK [2][-]{subsection.3.1}{\376\377\000B\000l\000e\000n\000d\000e\000r\000\040\040\023\000\040\000p\000o\000l\000a\000\040\000r\000o\000b\000o\000c\000z\000e\000\040\000i\000\040\000t\000r\000y\000b\000y}{section.3}% 9
\BOOKMARK [2][-]{subsection.3.2}{\376\377\000K\000o\001\133\000c\000i\000\040\000i\000\040\000s\000z\000k\000i\000e\000l\000e\000t\000y\000\040\040\023\000\040\000p\000o\000d\000s\000t\000a\000w\000y\000\040\000a\000n\000i\000m\000a\000c\000j\000i\000\040\000s\000z\000k\000i\000e\000l\000e\000t\000o\000w\000y\000c\000h}{section.3}% 10
\BOOKMARK [3][-]{subsubsection.3.2.1}{\376\377\000M\000o\000d\000y\000f\000i\000k\000a\000t\000o\000r\000\040\000I\000n\000v\000e\000r\000s\000e\000\040\000K\000i\000n\000e\000m\000a\000t\000i\000c\000s}{subsection.3.2}% 11
\BOOKMARK [3][-]{subsubsection.3.2.2}{\376\377\000M\000o\000d\000y\000f\000i\000k\000a\000t\000o\000r\000\040\000C\000o\000p\000y\000\040\000L\000o\000c\000a\000t\000i\000o\000n\000\040\000i\000\040\000C\000o\000p\000y\000\040\000T\000r\000a\000n\000s\000f\000o\000r\000m\000s}{subsection.3.2}% 12
\BOOKMARK [2][-]{subsection.3.3}{\376\377\000W\000e\000i\000g\000h\000t\000\040\000P\000a\000i\000n\000t\000\040\040\023\000\040\000d\000e\000f\000o\000r\000m\000a\000c\000j\000a\000\040\000s\000i\000a\000t\000k\000i\000\040\000p\000r\000z\000e\000z\000\040\000s\000z\000k\000i\000e\000l\000e\000t}{section.3}% 13
\BOOKMARK [2][-]{subsection.3.4}{\376\377\000K\000l\000u\000c\000z\000o\000w\000a\000n\000i\000e\000\040\000k\000l\000a\000t\000e\000k\000\040\040\023\000\040\000a\000n\000i\000m\000o\000w\000a\000n\000i\000e\000\040\000w\000\040\000p\000r\000o\000g\000r\000a\000m\000i\000e\000\040\000B\000l\000e\000n\000d\000e\000r}{section.3}% 14
\BOOKMARK [1][-]{section.4}{\376\377\000P\000r\000z\000y\000g\000o\000t\000o\000w\000a\000n\000i\000e\000\040\000m\000o\000d\000e\000l\000i\000,\000\040\000a\000n\000i\000m\000a\000c\000j\000i\000\040\000i\000\040\000t\000e\000k\000s\000t\000u\000r}{}% 15
\BOOKMARK [2][-]{subsection.4.1}{\376\377\000C\000i\000e\000r\000n\000i\000e}{section.4}% 16
\BOOKMARK [3][-]{subsubsection.4.1.1}{\376\377\000S\000z\000k\000i\000e\000l\000e\000t}{subsection.4.1}% 17
\BOOKMARK [3][-]{subsubsection.4.1.2}{\376\377\000W\000e\000i\000g\000h\000t\000\040\000P\000a\000i\000n\000t}{subsection.4.1}% 18
\BOOKMARK [2][-]{subsection.4.2}{\376\377\000P\000o\000s\000t\000a\001\007\000\040\000g\001\102\000\363\000w\000n\000a}{section.4}% 19
\BOOKMARK [3][-]{subsubsection.4.2.1}{\376\377\000S\000z\000k\000i\000e\000l\000e\000t\000\040\000a\000n\000i\000m\000a\000c\000j\000i}{subsection.4.2}% 20
\BOOKMARK [3][-]{subsubsection.4.2.2}{\376\377\000M\000o\000d\000e\000l\000\040\000i\000\040\000T\000e\000k\000s\000t\000u\000r\000y}{subsection.4.2}% 21
\BOOKMARK [3][-]{subsubsection.4.2.3}{\376\377\000A\000n\000i\000m\000a\000c\000j\000e}{subsection.4.2}% 22
\BOOKMARK [2][-]{subsection.4.3}{\376\377\000E\000k\000s\000p\000o\000r\000t\000o\000w\000a\000n\000i\000e\000\040\000m\000o\000d\000e\000l\000i\000\040\000z\000\040\000a\000n\000i\000m\000a\000c\000j\000a\000m\000i}{section.4}% 23
\BOOKMARK [1][-]{section.5}{\376\377\000S\000k\000r\000y\000p\000t\000o\000w\000a\000n\000i\000e\000\040\000i\000\040\000o\000b\000r\000\363\000b\000k\000a\000\040\000a\000s\000s\000e\000t\000\363\000w\000\040\000w\000\040\000U\000n\000i\000t\000y}{}% 24
\BOOKMARK [2][-]{subsection.5.1}{\376\377\000I\000n\000p\000u\000t\000\040\000m\000a\000n\000a\000g\000e\000r\000\040\040\023\000\040\000u\000s\000t\000a\000w\000i\000e\000n\000i\000e\000\040\000m\000a\000n\000a\000g\000e\000r\000a\000\040\000w\000e\000j\001\133\000c\000i\000a}{section.5}% 25
\BOOKMARK [2][-]{subsection.5.2}{\376\377\000P\000r\000e\000f\000a\000b\000\040\000g\000r\000a\000c\000z\000a}{section.5}% 26
\BOOKMARK [2][-]{subsection.5.3}{\376\377\000A\000n\000i\000m\000a\000t\000o\000r\000\040\000p\000o\000s\000t\000a\000c\000i\000\040\000g\001\102\000\363\000w\000n\000e\000j}{section.5}% 27
\BOOKMARK [3][-]{subsubsection.5.3.1}{\376\377\000`\000B\000a\000s\000e\000\040\000L\000a\000y\000e\000r\000'\000\040\000a\000n\000i\000m\000a\000c\000j\000e\000\040\000c\000i\000a\001\102\000a}{subsection.5.3}% 28
\BOOKMARK [3][-]{subsubsection.5.3.2}{\376\377\000`\000T\000a\000i\000l\000\040\000L\000a\000y\000e\000r\000'\000\040\040\023\000\040\000s\000t\000e\000r\000o\000a\000w\000n\000i\000e\000\040\000o\000g\000o\000n\000e\000m}{subsection.5.3}% 29
\BOOKMARK [2][-]{subsection.5.4}{\376\377\000S\000k\000r\000y\000p\000t\000y\000\040\000p\000o\000s\000t\000a\000c\000i\000\040\000g\001\102\000\363\000w\000n\000e\000j}{section.5}% 30
\BOOKMARK [2][-]{subsection.5.5}{\376\377\000P\000o\001\102\001\005\000c\000z\000e\000n\000i\000e\000\040\000s\000k\000r\000y\000p\000t\000u\000\040\000i\000\040\000a\000n\000i\000m\000a\000c\000j\000i}{section.5}% 31
\BOOKMARK [1][-]{section.6}{\376\377\000E\000f\000e\000k\000t\000\040\000P\000r\000a\000c\000y}{}% 32
\BOOKMARK [1][-]{section.7}{\376\377\000P\000o\000d\000s\000u\000m\000o\000w\000a\000n\000i\000e\000\040\000i\000\040\000w\000n\000i\000o\000s\000k\000i\000\040\000k\000o\001\104\000c\000o\000w\000e}{}% 33
\BOOKMARK [1][-]{section.7}{\376\377\000Z\000a\001\102\001\005\000c\000z\000n\000i\000k\000i}{}% 34
\BOOKMARK [1][-]{Item.8}{\376\377\000L\000i\000t\000e\000r\000a\000t\000u\000r\000a}{}% 35
